<?xml version="1.0" encoding="UTF-8"?>
<testng-results ignored="0" total="1" passed="1" failed="0" skipped="0">
  <reporter-output>
  </reporter-output>
  <suite started-at="2025-05-21T16:23:26 IST" name="Master Suite" finished-at="2025-05-21T16:23:59 IST" duration-ms="33506">
    <groups>
      <group name="Master">
        <method signature="TC001_AccountRegistrationText.verify_account_registration()[pri:0, instance:testCases.TC001_AccountRegistrationText@5f9be66c]" name="verify_account_registration" class="testCases.TC001_AccountRegistrationText"/>
      </group> <!-- Master -->
      <group name="Regression">
        <method signature="TC001_AccountRegistrationText.verify_account_registration()[pri:0, instance:testCases.TC001_AccountRegistrationText@5f9be66c]" name="verify_account_registration" class="testCases.TC001_AccountRegistrationText"/>
      </group> <!-- Regression -->
    </groups>
    <test started-at="2025-05-21T16:23:26 IST" name="Test" finished-at="2025-05-21T16:23:59 IST" duration-ms="33506">
      <class name="testCases.TC001_AccountRegistrationText">
        <test-method is-config="true" signature="setup(java.lang.String,java.lang.String)[pri:0, instance:testCases.TC001_AccountRegistrationText@5f9be66c]" started-at="2025-05-21T16:23:26 IST" name="setup" finished-at="2025-05-21T16:23:52 IST" duration-ms="25500" status="PASS">
          <params>
            <param index="0">
              <value>
                <![CDATA[Linux]]>
              </value>
            </param>
            <param index="1">
              <value>
                <![CDATA[chrome]]>
              </value>
            </param>
          </params>
          <reporter-output>
          </reporter-output>
        </test-method> <!-- setup -->
        <test-method signature="verify_account_registration()[pri:0, instance:testCases.TC001_AccountRegistrationText@5f9be66c]" started-at="2025-05-21T16:23:52 IST" name="verify_account_registration" finished-at="2025-05-21T16:23:58 IST" duration-ms="6842" status="PASS">
          <reporter-output>
          </reporter-output>
        </test-method> <!-- verify_account_registration -->
        <test-method is-config="true" signature="tearDown()[pri:0, instance:testCases.TC001_AccountRegistrationText@5f9be66c]" started-at="2025-05-21T16:23:58 IST" name="tearDown" finished-at="2025-05-21T16:23:59 IST" duration-ms="628" status="PASS">
          <reporter-output>
          </reporter-output>
        </test-method> <!-- tearDown -->
      </class> <!-- testCases.TC001_AccountRegistrationText -->
    </test> <!-- Test -->
  </suite> <!-- Master Suite -->
</testng-results>
