<?xml version="1.0" encoding="UTF-8"?>
<testng-results ignored="0" total="2" passed="2" failed="0" skipped="0">
  <reporter-output>
  </reporter-output>
  <suite started-at="2025-04-24T14:53:18 IST" name="Master Suite" finished-at="2025-04-24T14:53:44 IST" duration-ms="26812">
    <groups>
      <group name="Master">
        <method signature="TC001_AccountRegistrationText.verify_account_registration()[pri:0, instance:testCases.TC001_AccountRegistrationText@4f5991f6]" name="verify_account_registration" class="testCases.TC001_AccountRegistrationText"/>
        <method signature="TC002_LoginTest.verify_login()[pri:0, instance:testCases.TC002_LoginTest@e57b96d]" name="verify_login" class="testCases.TC002_LoginTest"/>
      </group> <!-- Master -->
      <group name="Sanity">
        <method signature="TC002_LoginTest.verify_login()[pri:0, instance:testCases.TC002_LoginTest@e57b96d]" name="verify_login" class="testCases.TC002_LoginTest"/>
      </group> <!-- Sanity -->
      <group name="Regression">
        <method signature="TC001_AccountRegistrationText.verify_account_registration()[pri:0, instance:testCases.TC001_AccountRegistrationText@4f5991f6]" name="verify_account_registration" class="testCases.TC001_AccountRegistrationText"/>
      </group> <!-- Regression -->
    </groups>
    <test started-at="2025-04-24T14:53:18 IST" name="Test" finished-at="2025-04-24T14:53:44 IST" duration-ms="26812">
      <class name="testCases.TC002_LoginTest">
        <test-method is-config="true" signature="setup(java.lang.String,java.lang.String)[pri:0, instance:testCases.TC002_LoginTest@e57b96d]" started-at="2025-04-24T14:53:30 IST" name="setup" finished-at="2025-04-24T14:53:34 IST" duration-ms="3439" status="PASS">
          <params>
            <param index="0">
              <value>
                <![CDATA[Windows]]>
              </value>
            </param>
            <param index="1">
              <value>
                <![CDATA[chrome]]>
              </value>
            </param>
          </params>
          <reporter-output>
          </reporter-output>
        </test-method> <!-- setup -->
        <test-method signature="verify_login()[pri:0, instance:testCases.TC002_LoginTest@e57b96d]" started-at="2025-04-24T14:53:34 IST" name="verify_login" finished-at="2025-04-24T14:53:44 IST" duration-ms="10027" status="PASS">
          <reporter-output>
          </reporter-output>
        </test-method> <!-- verify_login -->
        <test-method is-config="true" signature="tearDown()[pri:0, instance:testCases.TC002_LoginTest@e57b96d]" started-at="2025-04-24T14:53:44 IST" name="tearDown" finished-at="2025-04-24T14:53:44 IST" duration-ms="629" status="PASS">
          <reporter-output>
          </reporter-output>
        </test-method> <!-- tearDown -->
      </class> <!-- testCases.TC002_LoginTest -->
      <class name="testCases.TC001_AccountRegistrationText">
        <test-method is-config="true" signature="setup(java.lang.String,java.lang.String)[pri:0, instance:testCases.TC001_AccountRegistrationText@4f5991f6]" started-at="2025-04-24T14:53:19 IST" name="setup" finished-at="2025-04-24T14:53:25 IST" duration-ms="6184" status="PASS">
          <params>
            <param index="0">
              <value>
                <![CDATA[Windows]]>
              </value>
            </param>
            <param index="1">
              <value>
                <![CDATA[chrome]]>
              </value>
            </param>
          </params>
          <reporter-output>
          </reporter-output>
        </test-method> <!-- setup -->
        <test-method signature="verify_account_registration()[pri:0, instance:testCases.TC001_AccountRegistrationText@4f5991f6]" started-at="2025-04-24T14:53:25 IST" name="verify_account_registration" finished-at="2025-04-24T14:53:30 IST" duration-ms="5116" status="PASS">
          <reporter-output>
          </reporter-output>
        </test-method> <!-- verify_account_registration -->
        <test-method is-config="true" signature="tearDown()[pri:0, instance:testCases.TC001_AccountRegistrationText@4f5991f6]" started-at="2025-04-24T14:53:30 IST" name="tearDown" finished-at="2025-04-24T14:53:30 IST" duration-ms="281" status="PASS">
          <reporter-output>
          </reporter-output>
        </test-method> <!-- tearDown -->
      </class> <!-- testCases.TC001_AccountRegistrationText -->
    </test> <!-- Test -->
  </suite> <!-- Master Suite -->
</testng-results>
